<?xml version="1.0" encoding="UTF-8"?>
<testsuite name="org.bedu.proyecto_escuela.controller.AlumnoControllerTest" tests="1" skipped="0" failures="0" errors="0" timestamp="2024-01-26T04:55:56" hostname="DESKTOP-IRJ2EFK" time="0.186">
  <properties/>
  <testcase name="El Controlador deberia eliminar el alumno" classname="org.bedu.proyecto_escuela.controller.AlumnoControllerTest" time="0.186"/>
  <system-out><![CDATA[22:55:38.828 [Test worker] INFO org.springframework.test.context.support.AnnotationConfigContextLoaderUtils -- Could not detect default configuration classes for test class [org.bedu.proyecto_escuela.controller.AlumnoControllerTest]: AlumnoControllerTest does not declare any static, non-private, non-final, nested classes annotated with @Configuration.
22:55:39.118 [Test worker] INFO org.springframework.boot.test.context.SpringBootTestContextBootstrapper -- Found @SpringBootConfiguration org.bedu.proyecto_escuela.ProyectoEscuelaApplication for test class org.bedu.proyecto_escuela.controller.AlumnoControllerTest

  .   ____          _            __ _ _
 /\\ / ___'_ __ _ _(_)_ __  __ _ \ \ \ \
( ( )\___ | '_ | '_| | '_ \/ _` | \ \ \ \
 \\/  ___)| |_)| | | | | || (_| |  ) ) ) )
  '  |____| .__|_| |_|_| |_\__, | / / / /
 =========|_|==============|___/=/_/_/_/
 :: Spring Boot ::                (v3.2.0)

2024-01-25T22:55:39.822-06:00  INFO 6128 --- [    Test worker] o.b.p.controller.AlumnoControllerTest    : Starting AlumnoControllerTest using Java 20.0.2 with PID 6128 (started by Director DIS in C:\Users\Public\Curso BEDU\Modulo04\proyecto_escuela)
2024-01-25T22:55:39.826-06:00  INFO 6128 --- [    Test worker] o.b.p.controller.AlumnoControllerTest    : No active profile set, falling back to 1 default profile: "default"
2024-01-25T22:55:41.987-06:00  INFO 6128 --- [    Test worker] .s.d.r.c.RepositoryConfigurationDelegate : Bootstrapping Spring Data JPA repositories in DEFAULT mode.
2024-01-25T22:55:42.115-06:00  INFO 6128 --- [    Test worker] .s.d.r.c.RepositoryConfigurationDelegate : Finished Spring Data repository scanning in 118 ms. Found 4 JPA repository interfaces.
2024-01-25T22:55:46.838-06:00  INFO 6128 --- [    Test worker] o.hibernate.jpa.internal.util.LogHelper  : HHH000204: Processing PersistenceUnitInfo [name: default]
2024-01-25T22:55:47.578-06:00  INFO 6128 --- [    Test worker] org.hibernate.Version                    : HHH000412: Hibernate ORM core version 6.3.1.Final
2024-01-25T22:55:47.744-06:00  INFO 6128 --- [    Test worker] o.h.c.internal.RegionFactoryInitiator    : HHH000026: Second-level cache disabled
2024-01-25T22:55:48.109-06:00  INFO 6128 --- [    Test worker] o.s.o.j.p.SpringPersistenceUnitInfo      : No LoadTimeWeaver setup: ignoring JPA class transformer
2024-01-25T22:55:48.214-06:00  INFO 6128 --- [    Test worker] com.zaxxer.hikari.HikariDataSource       : HikariPool-1 - Starting...
2024-01-25T22:55:48.666-06:00  INFO 6128 --- [    Test worker] com.zaxxer.hikari.pool.HikariPool        : HikariPool-1 - Added connection org.sqlite.jdbc4.JDBC4Connection@12e3f4ae
2024-01-25T22:55:48.670-06:00  INFO 6128 --- [    Test worker] com.zaxxer.hikari.HikariDataSource       : HikariPool-1 - Start completed.
2024-01-25T22:55:49.998-06:00  WARN 6128 --- [    Test worker] org.hibernate.mapping.RootClass          : HHH000038: Composite-id class does not override equals(): org.bedu.proyecto_escuela.model.AlumnoMateriaKey
2024-01-25T22:55:49.998-06:00  WARN 6128 --- [    Test worker] org.hibernate.mapping.RootClass          : HHH000039: Composite-id class does not override hashCode(): org.bedu.proyecto_escuela.model.AlumnoMateriaKey
Hibernate: 
    create table HTE_alumno(matricula integer, rn_ integer not null, sexo varchar(1), id_alumno bigint, telefono varchar(10), hib_sess_id char(36) not null, email varchar(50), direccion varchar(100), nombre_alumno varchar(100), primary key (rn_, hib_sess_id))
Hibernate: 
    create table HTE_maestro(rn_ integer not null, id_maestro bigint, hib_sess_id char(36) not null, nombre_maestro varchar(100), primary key (rn_, hib_sess_id))
Hibernate: 
    create table HTE_materia(rn_ integer not null, id_maestro bigint, id_materia bigint, hib_sess_id char(36) not null, materia varchar(100), primary key (rn_, hib_sess_id))
2024-01-25T22:55:51.529-06:00  INFO 6128 --- [    Test worker] o.h.e.t.j.p.i.JtaPlatformInitiator       : HHH000489: No JTA platform available (set 'hibernate.transaction.jta.platform' to enable JTA platform integration)
2024-01-25T22:55:51.598-06:00  INFO 6128 --- [    Test worker] j.LocalContainerEntityManagerFactoryBean : Initialized JPA EntityManagerFactory for persistence unit 'default'
2024-01-25T22:55:53.669-06:00  WARN 6128 --- [    Test worker] JpaBaseConfiguration$JpaWebConfiguration : spring.jpa.open-in-view is enabled by default. Therefore, database queries may be performed during view rendering. Explicitly configure spring.jpa.open-in-view to disable this warning
2024-01-25T22:55:55.410-06:00  INFO 6128 --- [    Test worker] o.s.d.j.r.query.QueryEnhancerFactory     : Hibernate is in classpath; If applicable, HQL parser will be used.
2024-01-25T22:55:56.731-06:00  INFO 6128 --- [    Test worker] o.b.p.controller.AlumnoControllerTest    : Started AlumnoControllerTest in 17.325 seconds (process running for 19.378)
]]></system-out>
  <system-err><![CDATA[]]></system-err>
</testsuite>
